[debug] [2024-03-17T20:09:02.427Z] ----------------------------------------------------------------------
[debug] [2024-03-17T20:09:02.430Z] Command:       C:\Program Files (x86)\nodejs\node.exe C:\Users\Mitesh aheriya\AppData\Roaming\npm\node_modules\firebase-tools\lib\bin\firebase.js login
[debug] [2024-03-17T20:09:02.431Z] CLI Version:   13.5.1
[debug] [2024-03-17T20:09:02.431Z] Platform:      win32
[debug] [2024-03-17T20:09:02.431Z] Node Version:  v20.10.0
[debug] [2024-03-17T20:09:02.431Z] Time:          Mon Mar 18 2024 01:39:02 GMT+0530 (India Standard Time)
[debug] [2024-03-17T20:09:02.431Z] ----------------------------------------------------------------------
[debug] 
[info] i  Firebase optionally collects CLI and Emulator Suite usage and error reporting information to help improve our products. Data is collected in accordance with Google's privacy policy (https://policies.google.com/privacy) and is not used to identify you.
 
[info] i  To change your data collection preference at any time, run `firebase logout` and log in again. 
[info] 
[info] Visit this URL on this device to log in:
[info] https://accounts.google.com/o/oauth2/auth?client_id=563584335869-fgrhgmd47bqnekij5i8b5pr03ho849e6.apps.googleusercontent.com&scope=email%20openid%20https%3A%2F%2Fwww.googleapis.com%2Fauth%2Fcloudplatformprojects.readonly%20https%3A%2F%2Fwww.googleapis.com%2Fauth%2Ffirebase%20https%3A%2F%2Fwww.googleapis.com%2Fauth%2Fcloud-platform&response_type=code&state=576902057&redirect_uri=http%3A%2F%2Flocalhost%3A9005
[info] 
[info] Waiting for authentication...
[debug] [2024-03-17T20:09:14.900Z] Error: spawn cmd ENOENT
    at ChildProcess._handle.onexit (node:internal/child_process:286:19)
    at onErrorNT (node:internal/child_process:484:16)
    at process.processTicksAndRejections (node:internal/process/task_queues:82:21)
[error] 
[error] Error: An unexpected error has occurred.
[debug] [2024-03-17T20:09:31.416Z] ----------------------------------------------------------------------
[debug] [2024-03-17T20:09:31.419Z] Command:       C:\Program Files (x86)\nodejs\node.exe C:\Users\Mitesh aheriya\AppData\Roaming\npm\node_modules\firebase-tools\lib\bin\firebase.js login
[debug] [2024-03-17T20:09:31.419Z] CLI Version:   13.5.1
[debug] [2024-03-17T20:09:31.420Z] Platform:      win32
[debug] [2024-03-17T20:09:31.420Z] Node Version:  v20.10.0
[debug] [2024-03-17T20:09:31.420Z] Time:          Mon Mar 18 2024 01:39:31 GMT+0530 (India Standard Time)
[debug] [2024-03-17T20:09:31.420Z] ----------------------------------------------------------------------
[debug] 
[info] i  Firebase optionally collects CLI and Emulator Suite usage and error reporting information to help improve our products. Data is collected in accordance with Google's privacy policy (https://policies.google.com/privacy) and is not used to identify you.
 
[info] 
[info] Visit this URL on this device to log in:
[info] https://accounts.google.com/o/oauth2/auth?client_id=563584335869-fgrhgmd47bqnekij5i8b5pr03ho849e6.apps.googleusercontent.com&scope=email%20openid%20https%3A%2F%2Fwww.googleapis.com%2Fauth%2Fcloudplatformprojects.readonly%20https%3A%2F%2Fwww.googleapis.com%2Fauth%2Ffirebase%20https%3A%2F%2Fwww.googleapis.com%2Fauth%2Fcloud-platform&response_type=code&state=521992902&redirect_uri=http%3A%2F%2Flocalhost%3A9005
[info] 
[info] Waiting for authentication...
[debug] [2024-03-17T20:09:33.683Z] Error: spawn cmd ENOENT
    at ChildProcess._handle.onexit (node:internal/child_process:286:19)
    at onErrorNT (node:internal/child_process:484:16)
    at process.processTicksAndRejections (node:internal/process/task_queues:82:21)
[error] 
[error] Error: An unexpected error has occurred.
